# JRE version: OpenJDK Runtime Environment Temurin-21.0.10+7 (21.0.10+7) (build 21.0.10+7-LTS)
# Java VM: OpenJDK 64-Bit Server VM Temurin-21.0.10+7 (21.0.10+7-LTS, mixed mode, sharing, tiered, compressed oops, compressed class ptrs, parallel gc, windows-amd64)
GC Precious Log:
 CardTable entry size: 512
 CPUs: 8 total, 8 available
 Memory: 8035M
 Large Page Support: Disabled
 NUMA Support: Disabled
 Compressed Oops: Enabled (32-bit)
 Alignments: Space 512K, Generation 512K, Heap 2M
 Heap Min Capacity: 100M
 Heap Initial Capacity: 100M
 Heap Max Capacity: 2G
 Pre-touch: Disabled
 Parallel Workers: 8
Heap:
 PSYoungGen      total 6144K, used 6123K [0x00000000d5580000, 0x00000000d6280000, 0x0000000100000000)
  eden space 4096K, 100% used [0x00000000d5580000,0x00000000d5980000,0x00000000d5980000)
  from space 2048K, 98% used [0x00000000d5980000,0x00000000d5b7ac78,0x00000000d5b80000)
  to   space 4608K, 80% used [0x00000000d5e00000,0x00000000d61a0478,0x00000000d6280000)
 ParOldGen       total 1086976K, used 1086677K [0x0000000080000000, 0x00000000c2580000, 0x00000000d5580000)
  object space 1086976K, 99% used [0x0000000080000000,0x00000000c25354c8,0x00000000c2580000)
 Metaspace       used 86459K, committed 88128K, reserved 1179648K
  class space    used 8954K, committed 9664K, reserved 1048576K
GC Heap History (20 events):
Event: 3134.239 GC heap after
{Heap after GC invocations=604 (full 4):
 PSYoungGen      total 4608K, used 512K [0x00000000d5580000, 0x00000000d6280000, 0x0000000100000000)
  eden space 4096K, 0% used [0x00000000d5580000,0x00000000d5580000,0x00000000d5980000)
  from space 512K, 100% used [0x00000000d5f00000,0x00000000d5f80000,0x00000000d5f80000)
  to   space 4608K, 0% used [0x00000000d5980000,0x00000000d5980000,0x00000000d5e00000)
 ParOldGen       total 1009664K, used 1009433K [0x0000000080000000, 0x00000000bda00000, 0x00000000d5580000)
  object space 1009664K, 99% used [0x0000000080000000,0x00000000bd9c6538,0x00000000bda00000)
 Metaspace       used 86453K, committed 88128K, reserved 1179648K
  class space    used 8954K, committed 9664K, reserved 1048576K
}
Event: 3134.249 GC heap before
{Heap before GC invocations=605 (full 4):
 PSYoungGen      total 4608K, used 4545K [0x00000000d5580000, 0x00000000d6280000, 0x0000000100000000)
  eden space 4096K, 98% used [0x00000000d5580000,0x00000000d5970510,0x00000000d5980000)
  from space 512K, 100% used [0x00000000d5f00000,0x00000000d5f80000,0x00000000d5f80000)
  to   space 4608K, 0% used [0x00000000d5980000,0x00000000d5980000,0x00000000d5e00000)
 ParOldGen       total 1009664K, used 1009433K [0x0000000080000000, 0x00000000bda00000, 0x00000000d5580000)
  object space 1009664K, 99% used [0x0000000080000000,0x00000000bd9c6538,0x00000000bda00000)
 Metaspace       used 86453K, committed 88128K, reserved 1179648K
  class space    used 8954K, committed 9664K, reserved 1048576K
}
Event: 3134.254 GC heap after
{Heap after GC invocations=605 (full 4):
 PSYoungGen      total 8704K, used 4102K [0x00000000d5580000, 0x00000000d6280000, 0x0000000100000000)
  eden space 4096K, 0% used [0x00000000d5580000,0x00000000d5580000,0x00000000d5980000)
  from space 4608K, 89% used [0x00000000d5980000,0x00000000d5d81980,0x00000000d5e00000)
  to   space 4608K, 0% used [0x00000000d5e00000,0x00000000d5e00000,0x00000000d6280000)
 ParOldGen       total 1010176K, used 1009969K [0x0000000080000000, 0x00000000bda80000, 0x00000000d5580000)
  object space 1010176K, 99% used [0x0000000080000000,0x00000000bda4c538,0x00000000bda80000)
 Metaspace       used 86453K, committed 88128K, reserved 1179648K
  class space    used 8954K, committed 9664K, reserved 1048576K
}
Event: 3134.269 GC heap before
{Heap before GC invocations=606 (full 4):
 PSYoungGen      total 8704K, used 8198K [0x00000000d5580000, 0x00000000d6280000, 0x0000000100000000)
  eden space 4096K, 100% used [0x00000000d5580000,0x00000000d5980000,0x00000000d5980000)
  from space 4608K, 89% used [0x00000000d5980000,0x00000000d5d81980,0x00000000d5e00000)
  to   space 4608K, 0% used [0x00000000d5e00000,0x00000000d5e00000,0x00000000d6280000)
 ParOldGen       total 1010176K, used 1009969K [0x0000000080000000, 0x00000000bda80000, 0x00000000d5580000)
  object space 1010176K, 99% used [0x0000000080000000,0x00000000bda4c538,0x00000000bda80000)
 Metaspace       used 86453K, committed 88128K, reserved 1179648K
  class space    used 8954K, committed 9664K, reserved 1048576K
}
Event: 3134.275 GC heap after
{Heap after GC invocations=606 (full 4):
 PSYoungGen      total 7680K, used 3357K [0x00000000d5580000, 0x00000000d6180000, 0x0000000100000000)
  eden space 4096K, 0% used [0x00000000d5580000,0x00000000d5580000,0x00000000d5980000)
  from space 3584K, 93% used [0x00000000d5e00000,0x00000000d6147698,0x00000000d6180000)
  to   space 4096K, 0% used [0x00000000d5980000,0x00000000d5980000,0x00000000d5d80000)
 ParOldGen       total 1014272K, used 1013984K [0x0000000080000000, 0x00000000bde80000, 0x00000000d5580000)
  object space 1014272K, 99% used [0x0000000080000000,0x00000000bde38270,0x00000000bde80000)
 Metaspace       used 86453K, committed 88128K, reserved 1179648K
  class space    used 8954K, committed 9664K, reserved 1048576K
}
Event: 3134.315 GC heap before
{Heap before GC invocations=607 (full 4):
 PSYoungGen      total 7680K, used 7453K [0x00000000d5580000, 0x00000000d6180000, 0x0000000100000000)
  eden space 4096K, 100% used [0x00000000d5580000,0x00000000d5980000,0x00000000d5980000)
  from space 3584K, 93% used [0x00000000d5e00000,0x00000000d6147698,0x00000000d6180000)
  to   space 4096K, 0% used [0x00000000d5980000,0x00000000d5980000,0x00000000d5d80000)
 ParOldGen       total 1014272K, used 1013984K [0x0000000080000000, 0x00000000bde80000, 0x00000000d5580000)
  object space 1014272K, 99% used [0x0000000080000000,0x00000000bde38270,0x00000000bde80000)
 Metaspace       used 86455K, committed 88128K, reserved 1179648K
  class space    used 8954K, committed 9664K, reserved 1048576K
}
Event: 3134.323 GC heap after
{Heap after GC invocations=607 (full 4):
 PSYoungGen      total 7680K, used 3296K [0x00000000d5580000, 0x00000000d6080000, 0x0000000100000000)
  eden space 4096K, 0% used [0x00000000d5580000,0x00000000d5580000,0x00000000d5980000)
  from space 3584K, 91% used [0x00000000d5980000,0x00000000d5cb8000,0x00000000d5d00000)
  to   space 3584K, 0% used [0x00000000d5d00000,0x00000000d5d00000,0x00000000d6080000)
 ParOldGen       total 1017344K, used 1017228K [0x0000000080000000, 0x00000000be180000, 0x00000000d5580000)
  object space 1017344K, 99% used [0x0000000080000000,0x00000000be163260,0x00000000be180000)
 Metaspace       used 86455K, committed 88128K, reserved 1179648K
  class space    used 8954K, committed 9664K, reserved 1048576K
}
Event: 3134.343 GC heap before
{Heap before GC invocations=608 (full 4):
 PSYoungGen      total 7680K, used 7392K [0x00000000d5580000, 0x00000000d6080000, 0x0000000100000000)
  eden space 4096K, 100% used [0x00000000d5580000,0x00000000d5980000,0x00000000d5980000)
  from space 3584K, 91% used [0x00000000d5980000,0x00000000d5cb8000,0x00000000d5d00000)
  to   space 3584K, 0% used [0x00000000d5d00000,0x00000000d5d00000,0x00000000d6080000)
 ParOldGen       total 1017344K, used 1017228K [0x0000000080000000, 0x00000000be180000, 0x00000000d5580000)
  object space 1017344K, 99% used [0x0000000080000000,0x00000000be163260,0x00000000be180000)
 Metaspace       used 86455K, committed 88128K, reserved 1179648K
  class space    used 8954K, committed 9664K, reserved 1048576K
}
Event: 3134.350 GC heap after
{Heap after GC invocations=608 (full 4):
 PSYoungGen      total 5632K, used 1466K [0x00000000d5580000, 0x00000000d5e80000, 0x0000000100000000)
  eden space 4096K, 0% used [0x00000000d5580000,0x00000000d5580000,0x00000000d5980000)
  from space 1536K, 95% used [0x00000000d5d00000,0x00000000d5e6e900,0x00000000d5e80000)
  to   space 2560K, 0% used [0x00000000d5980000,0x00000000d5980000,0x00000000d5c00000)
 ParOldGen       total 1020928K, used 1020468K [0x0000000080000000, 0x00000000be500000, 0x00000000d5580000)
  object space 1020928K, 99% used [0x0000000080000000,0x00000000be48d260,0x00000000be500000)
 Metaspace       used 86455K, committed 88128K, reserved 1179648K
  class space    used 8954K, committed 9664K, reserved 1048576K
}
Event: 3134.391 GC heap before
{Heap before GC invocations=609 (full 4):
 PSYoungGen      total 5632K, used 5562K [0x00000000d5580000, 0x00000000d5e80000, 0x0000000100000000)
  eden space 4096K, 100% used [0x00000000d5580000,0x00000000d5980000,0x00000000d5980000)
  from space 1536K, 95% used [0x00000000d5d00000,0x00000000d5e6e900,0x00000000d5e80000)
  to   space 2560K, 0% used [0x00000000d5980000,0x00000000d5980000,0x00000000d5c00000)
 ParOldGen       total 1020928K, used 1020468K [0x0000000080000000, 0x00000000be500000, 0x00000000d5580000)
  object space 1020928K, 99% used [0x0000000080000000,0x00000000be48d260,0x00000000be500000)
 Metaspace       used 86455K, committed 88128K, reserved 1179648K
  class space    used 8954K, committed 9664K, reserved 1048576K
}
Event: 3134.397 GC heap after
{Heap after GC invocations=609 (full 4):
 PSYoungGen      total 6656K, used 868K [0x00000000d5580000, 0x00000000d5d80000, 0x0000000100000000)
  eden space 4096K, 0% used [0x00000000d5580000,0x00000000d5580000,0x00000000d5980000)
  from space 2560K, 33% used [0x00000000d5980000,0x00000000d5a59210,0x00000000d5c00000)
  to   space 1536K, 0% used [0x00000000d5c00000,0x00000000d5c00000,0x00000000d5d80000)
 ParOldGen       total 1021440K, used 1021396K [0x0000000080000000, 0x00000000be580000, 0x00000000d5580000)
  object space 1021440K, 99% used [0x0000000080000000,0x00000000be575260,0x00000000be580000)
 Metaspace       used 86455K, committed 88128K, reserved 1179648K
  class space    used 8954K, committed 9664K, reserved 1048576K
}
Event: 3134.422 GC heap before
{Heap before GC invocations=610 (full 4):
 PSYoungGen      total 6656K, used 4964K [0x00000000d5580000, 0x00000000d5d80000, 0x0000000100000000)
  eden space 4096K, 100% used [0x00000000d5580000,0x00000000d5980000,0x00000000d5980000)
  from space 2560K, 33% used [0x00000000d5980000,0x00000000d5a59210,0x00000000d5c00000)
  to   space 1536K, 0% used [0x00000000d5c00000,0x00000000d5c00000,0x00000000d5d80000)
 ParOldGen       total 1021440K, used 1021396K [0x0000000080000000, 0x00000000be580000, 0x00000000d5580000)
  object space 1021440K, 99% used [0x0000000080000000,0x00000000be575260,0x00000000be580000)
 Metaspace       used 86455K, committed 88128K, reserved 1179648K
  class space    used 8954K, committed 9664K, reserved 1048576K
}
Event: 3134.427 GC heap after
{Heap after GC invocations=610 (full 4):
 PSYoungGen      total 5632K, used 1167K [0x00000000d5580000, 0x00000000d5d80000, 0x0000000100000000)
  eden space 4096K, 0% used [0x00000000d5580000,0x00000000d5580000,0x00000000d5980000)
  from space 1536K, 75% used [0x00000000d5c00000,0x00000000d5d23c10,0x00000000d5d80000)
  to   space 1536K, 0% used [0x00000000d5a80000,0x00000000d5a80000,0x00000000d5c00000)
 ParOldGen       total 1021952K, used 1021740K [0x0000000080000000, 0x00000000be600000, 0x00000000d5580000)
  object space 1021952K, 99% used [0x0000000080000000,0x00000000be5cb260,0x00000000be600000)
 Metaspace       used 86455K, committed 88128K, reserved 1179648K
  class space    used 8954K, committed 9664K, reserved 1048576K
}
Event: 3134.448 GC heap before
{Heap before GC invocations=611 (full 4):
 PSYoungGen      total 5632K, used 5132K [0x00000000d5580000, 0x00000000d5d80000, 0x0000000100000000)
  eden space 4096K, 96% used [0x00000000d5580000,0x00000000d595f608,0x00000000d5980000)
  from space 1536K, 75% used [0x00000000d5c00000,0x00000000d5d23c10,0x00000000d5d80000)
  to   space 1536K, 0% used [0x00000000d5a80000,0x00000000d5a80000,0x00000000d5c00000)
 ParOldGen       total 1021952K, used 1021740K [0x0000000080000000, 0x00000000be600000, 0x00000000d5580000)
  object space 1021952K, 99% used [0x0000000080000000,0x00000000be5cb260,0x00000000be600000)
 Metaspace       used 86455K, committed 88128K, reserved 1179648K
  class space    used 8954K, committed 9664K, reserved 1048576K
}
Event: 3134.454 GC heap after
{Heap after GC invocations=611 (full 4):
 PSYoungGen      total 5120K, used 596K [0x00000000d5580000, 0x00000000d5c80000, 0x0000000100000000)
  eden space 4096K, 0% used [0x00000000d5580000,0x00000000d5580000,0x00000000d5980000)
  from space 1024K, 58% used [0x00000000d5a80000,0x00000000d5b15200,0x00000000d5b80000)
  to   space 1024K, 0% used [0x00000000d5b80000,0x00000000d5b80000,0x00000000d5c80000)
 ParOldGen       total 1022976K, used 1022500K [0x0000000080000000, 0x00000000be700000, 0x00000000d5580000)
  object space 1022976K, 99% used [0x0000000080000000,0x00000000be6893f0,0x00000000be700000)
 Metaspace       used 86455K, committed 88128K, reserved 1179648K
  class space    used 8954K, committed 9664K, reserved 1048576K
}
Event: 3134.501 GC heap before
{Heap before GC invocations=612 (full 4):
 PSYoungGen      total 5120K, used 4692K [0x00000000d5580000, 0x00000000d5c80000, 0x0000000100000000)
  eden space 4096K, 100% used [0x00000000d5580000,0x00000000d5980000,0x00000000d5980000)
  from space 1024K, 58% used [0x00000000d5a80000,0x00000000d5b15200,0x00000000d5b80000)
  to   space 1024K, 0% used [0x00000000d5b80000,0x00000000d5b80000,0x00000000d5c80000)
 ParOldGen       total 1022976K, used 1022500K [0x0000000080000000, 0x00000000be700000, 0x00000000d5580000)
  object space 1022976K, 99% used [0x0000000080000000,0x00000000be6893f0,0x00000000be700000)
 Metaspace       used 86459K, committed 88128K, reserved 1179648K
  class space    used 8954K, committed 9664K, reserved 1048576K
}
Event: 3134.504 GC heap after
{Heap after GC invocations=612 (full 4):
 PSYoungGen      total 5120K, used 1013K [0x00000000d5580000, 0x00000000d5d80000, 0x0000000100000000)
  eden space 4096K, 0% used [0x00000000d5580000,0x00000000d5580000,0x00000000d5980000)
  from space 1024K, 98% used [0x00000000d5b80000,0x00000000d5c7d400,0x00000000d5c80000)
  to   space 2048K, 0% used [0x00000000d5980000,0x00000000d5980000,0x00000000d5b80000)
 ParOldGen       total 1023488K, used 1023161K [0x0000000080000000, 0x00000000be780000, 0x00000000d5580000)
  object space 1023488K, 99% used [0x0000000080000000,0x00000000be72e7f0,0x00000000be780000)
 Metaspace       used 86459K, committed 88128K, reserved 1179648K
  class space    used 8954K, committed 9664K, reserved 1048576K
}
Event: 3134.668 GC heap before
{Heap before GC invocations=613 (full 4):
 PSYoungGen      total 5120K, used 5045K [0x00000000d5580000, 0x00000000d5d80000, 0x0000000100000000)
  eden space 4096K, 98% used [0x00000000d5580000,0x00000000d59703a8,0x00000000d5980000)
  from space 1024K, 98% used [0x00000000d5b80000,0x00000000d5c7d400,0x00000000d5c80000)
  to   space 2048K, 0% used [0x00000000d5980000,0x00000000d5980000,0x00000000d5b80000)
 ParOldGen       total 1086976K, used 1084602K [0x0000000080000000, 0x00000000c2580000, 0x00000000d5580000)
  object space 1086976K, 99% used [0x0000000080000000,0x00000000c232e850,0x00000000c2580000)
 Metaspace       used 86459K, committed 88128K, reserved 1179648K
  class space    used 8954K, committed 9664K, reserved 1048576K
}
Event: 3134.674 GC heap after
{Heap after GC invocations=613 (full 4):
 PSYoungGen      total 6144K, used 2027K [0x00000000d5580000, 0x00000000d6280000, 0x0000000100000000)
  eden space 4096K, 0% used [0x00000000d5580000,0x00000000d5580000,0x00000000d5980000)
  from space 2048K, 98% used [0x00000000d5980000,0x00000000d5b7ac78,0x00000000d5b80000)
  to   space 4608K, 0% used [0x00000000d5e00000,0x00000000d5e00000,0x00000000d6280000)
 ParOldGen       total 1086976K, used 1086308K [0x0000000080000000, 0x00000000c2580000, 0x00000000d5580000)
  object space 1086976K, 99% used [0x0000000080000000,0x00000000c24d9050,0x00000000c2580000)
 Metaspace       used 86459K, committed 88128K, reserved 1179648K
  class space    used 8954K, committed 9664K, reserved 1048576K
}
Event: 3134.730 GC heap before
{Heap before GC invocations=614 (full 4):
 PSYoungGen      total 6144K, used 6123K [0x00000000d5580000, 0x00000000d6280000, 0x0000000100000000)
  eden space 4096K, 100% used [0x00000000d5580000,0x00000000d5980000,0x00000000d5980000)
  from space 2048K, 98% used [0x00000000d5980000,0x00000000d5b7ac78,0x00000000d5b80000)
  to   space 4608K, 0% used [0x00000000d5e00000,0x00000000d5e00000,0x00000000d6280000)
 ParOldGen       total 1086976K, used 1086308K [0x0000000080000000, 0x00000000c2580000, 0x00000000d5580000)
  object space 1086976K, 99% used [0x0000000080000000,0x00000000c24d9050,0x00000000c2580000)
 Metaspace       used 86459K, committed 88128K, reserved 1179648K
  class space    used 8954K, committed 9664K, reserved 1048576K
}

